<?xml version="1.0" encoding="UTF-8"?>
<!-- Generated by org.testng.reporters.JUnitReportReporter -->
<testsuite hostname="Elenas-MacBook-Air.local" failures="0" tests="3" name="tests.ManagerAddCustomerTest" time="18.987" errors="0" timestamp="2022-06-12T18:25:08 KRAT" skipped="0">
  <testcase classname="tests.ManagerAddCustomerTest" name="testFillCustomerInfo" time="4.866"/>
  <system-out/>
  <testcase classname="tests.ManagerAddCustomerTest" name="testClickAddCustButton" time="4.940"/>
  <system-out/>
  <testcase classname="tests.ManagerAddCustomerTest" name="testAddCustomerButton" time="9.181"/>
  <system-out/>
</testsuite> <!-- tests.ManagerAddCustomerTest -->
