<?xml version="1.0" encoding="UTF-8"?>
<!-- Generated by org.testng.reporters.JUnitReportReporter -->
<testsuite hostname="Elenas-MacBook-Air.local" failures="0" tests="2" name="tests.ManagerOpenAccountTest" time="19.016" errors="0" timestamp="2022-06-12T18:25:08 KRAT" skipped="0">
  <testcase classname="tests.ManagerOpenAccountTest" name="testOpenAccountButton" time="9.181"/>
  <system-out/>
  <testcase classname="tests.ManagerOpenAccountTest" name="testCustomerFields" time="9.835"/>
  <system-out/>
</testsuite> <!-- tests.ManagerOpenAccountTest -->
