<?xml version="1.0" encoding="UTF-8"?>
<!-- Generated by org.testng.reporters.JUnitReportReporter -->
<testsuite hostname="Elenas-MacBook-Air.local" failures="0" tests="2" name="tests.CustomerDepositTest" time="22.023" errors="0" timestamp="2022-06-12T18:25:08 KRAT" skipped="0">
  <testcase classname="tests.CustomerDepositTest" name="testEnterAmount" time="12.046"/>
  <system-out/>
  <testcase classname="tests.CustomerDepositTest" name="testCustomerDeposit" time="9.977"/>
  <system-out/>
</testsuite> <!-- tests.CustomerDepositTest -->
