<?xml version="1.0" encoding="UTF-8"?>
<!-- Generated by org.testng.reporters.JUnitReportReporter -->
<testsuite hostname="Elenas-MacBook-Air.local" failures="0" tests="1" name="tests.LogoutTest" time="9.368" errors="0" timestamp="2022-06-12T18:25:08 KRAT" skipped="0">
  <testcase classname="tests.LogoutTest" name="testLogout" time="9.368"/>
  <system-out/>
</testsuite> <!-- tests.LogoutTest -->
