<?xml version="1.0" encoding="UTF-8"?>
<!-- Generated by org.testng.reporters.JUnitReportReporter -->
<testsuite hostname="Elenas-MacBook-Air.local" failures="0" tests="1" name="tests.ManagerCustomersTest" time="9.130" errors="0" timestamp="2022-06-12T18:25:08 KRAT" skipped="0">
  <testcase classname="tests.ManagerCustomersTest" name="testCustomersInfo" time="9.130"/>
  <system-out/>
</testsuite> <!-- tests.ManagerCustomersTest -->
