<?xml version="1.0" encoding="UTF-8"?>
<!-- Generated by org.testng.reporters.JUnitReportReporter -->
<testsuite hostname="Elenas-MacBook-Air.local" failures="0" tests="3" name="tests.CustomerTransactionsTest" time="19.188" errors="0" timestamp="2022-06-12T18:25:08 KRAT" skipped="0">
  <testcase classname="tests.CustomerTransactionsTest" name="testClickBackButton" time="4.744"/>
  <system-out/>
  <testcase classname="tests.CustomerTransactionsTest" name="testCustomerTransactions" time="9.756"/>
  <system-out/>
  <testcase classname="tests.CustomerTransactionsTest" name="testCustomerTable" time="4.688"/>
  <system-out/>
</testsuite> <!-- tests.CustomerTransactionsTest -->
