<?xml version="1.0" encoding="UTF-8"?>
<!-- Generated by org.testng.reporters.JUnitReportReporter -->
<testsuite hostname="Elenas-MacBook-Air.local" failures="0" tests="3" name="tests.LoginTest" time="20.872" errors="0" timestamp="2022-06-12T18:25:08 KRAT" skipped="0">
  <testcase classname="tests.LoginTest" name="testLoginPageTitle" time="3.251"/>
  <system-out/>
  <testcase classname="tests.LoginTest" name="testCustomerLogin" time="8.880"/>
  <system-out/>
  <testcase classname="tests.LoginTest" name="testManagerLogin" time="8.741"/>
  <system-out/>
</testsuite> <!-- tests.LoginTest -->
